<?xml version="1.0" encoding="utf-8" standalone="no"?>
<!--This file represents the results of running a test suite-->
<test-results name="C:\Users\bozhin\Documents\GitHub\ProcessingTools\Tagger.Tests\bin\Release\Tagger.Tests.dll" total="1" errors="0" failures="0" not-run="0" inconclusive="0" ignored="0" skipped="0" invalid="0" date="2015-10-14" time="23:19:18">
  <environment nunit-version="2.6.4.14350" clr-version="2.0.50727.8009" os-version="Microsoft Windows NT 6.2.9200.0" platform="Win32NT" cwd="C:\Users\bozhin\Documents\GitHub\ProcessingTools\OpenCover\b7a06d58-5162-46f4-900d-f15118790b52" machine-name="USER-A" user="bozhin" user-domain="USER-A" />
  <culture-info current-culture="en-US" current-uiculture="en-GB" />
  <test-suite type="Assembly" name="C:\Users\bozhin\Documents\GitHub\ProcessingTools\Tagger.Tests\bin\Release\Tagger.Tests.dll" executed="True" result="Success" success="True" time="0.502" asserts="0">
    <results>
      <test-suite type="Namespace" name="Tagger" executed="True" result="Success" success="True" time="0.476" asserts="0">
        <results>
          <test-suite type="Namespace" name="Tests" executed="True" result="Success" success="True" time="0.475" asserts="0">
            <results>
              <test-suite type="TestFixture" name="ProgramSettingsTests" executed="True" result="Success" success="True" time="0.471" asserts="0">
                <results>
                  <test-case name="Tagger.Tests.ProgramSettingsTests.ProgramSettings_ConfigPropertyInNewInstance_SchouldBeNull" executed="True" result="Success" success="True" time="0.408" asserts="1" />
                </results>
              </test-suite>
            </results>
          </test-suite>
        </results>
      </test-suite>
    </results>
  </test-suite>
</test-results>